SF:/Users/chaseflorell/projects/CodeToNeo4j/tools/dart-analyzer/lib/src/json_output.dart
DA:5,1
DA:6,2
LF:2
LH:2
end_of_record
SF:/Users/chaseflorell/projects/CodeToNeo4j/tools/dart-analyzer/lib/src/models.dart
DA:8,2
DA:14,4
DA:15,2
DA:16,2
DA:17,10
DA:25,2
DA:27,4
DA:28,10
DA:29,6
DA:46,3
DA:60,4
DA:61,2
DA:62,2
DA:63,2
DA:64,2
DA:65,2
DA:66,2
DA:67,2
DA:68,2
DA:69,2
DA:70,2
DA:71,2
DA:85,2
DA:96,2
DA:97,1
DA:98,1
DA:99,1
DA:100,1
DA:101,1
DA:102,1
DA:103,1
DA:104,1
LF:32
LH:32
end_of_record
SF:/Users/chaseflorell/projects/CodeToNeo4j/tools/dart-analyzer/lib/src/ast_visitor.dart
DA:18,1
DA:24,4
DA:25,1
DA:26,1
DA:27,2
DA:28,2
DA:31,1
DA:32,1
DA:33,4
DA:35,3
DA:38,1
DA:40,1
DA:41,0
DA:42,0
DA:43,0
DA:46,1
DA:49,1
DA:51,3
DA:52,1
DA:53,3
DA:57,1
DA:58,2
DA:59,2
DA:60,2
DA:61,1
DA:62,1
DA:66,1
DA:67,4
DA:68,3
DA:71,2
DA:79,1
DA:80,3
DA:81,3
DA:84,2
DA:85,2
DA:93,1
DA:94,3
DA:95,3
DA:98,2
DA:99,2
DA:106,1
DA:107,1
DA:108,1
DA:109,1
DA:110,1
DA:113,1
DA:115,2
DA:116,3
DA:120,1
DA:121,2
DA:122,2
DA:123,2
DA:124,1
DA:125,1
DA:128,1
DA:129,1
DA:130,1
DA:131,1
DA:132,1
DA:135,1
DA:137,3
DA:138,3
DA:142,1
DA:143,2
DA:144,2
DA:145,2
DA:146,1
DA:147,1
DA:150,1
DA:151,1
DA:152,1
DA:153,1
DA:154,1
DA:157,1
DA:159,2
DA:160,3
DA:164,1
DA:165,2
DA:166,2
DA:167,2
DA:168,1
DA:169,1
DA:172,1
DA:173,1
DA:174,1
DA:175,1
DA:176,1
DA:179,0
DA:181,0
DA:182,0
DA:186,0
DA:187,0
DA:188,0
DA:189,0
DA:190,0
DA:191,0
DA:194,0
DA:195,0
DA:196,0
DA:197,0
DA:198,0
DA:201,0
DA:203,0
DA:204,0
DA:208,0
DA:209,0
DA:210,0
DA:211,0
DA:212,0
DA:213,0
DA:215,0
DA:218,1
DA:220,2
DA:222,1
DA:224,0
DA:229,2
DA:230,3
DA:234,1
DA:235,2
DA:236,2
DA:237,2
DA:238,1
DA:239,1
DA:242,3
DA:246,1
DA:247,2
DA:248,2
DA:249,2
DA:250,1
DA:251,1
DA:255,1
DA:258,1
DA:260,2
DA:262,2
DA:263,3
DA:267,1
DA:268,2
DA:269,2
DA:270,2
DA:271,1
DA:272,1
DA:273,1
DA:275,1
DA:276,3
DA:280,2
DA:281,2
DA:282,2
DA:283,2
DA:284,1
DA:285,1
DA:286,1
DA:289,3
DA:293,1
DA:294,2
DA:295,2
DA:296,2
DA:297,1
DA:298,1
DA:299,1
DA:303,1
DA:304,3
DA:305,1
DA:306,1
DA:307,2
DA:309,2
DA:314,1
DA:317,1
DA:319,3
DA:320,4
DA:321,3
DA:325,1
DA:326,2
DA:327,2
DA:328,2
DA:329,1
DA:330,1
DA:331,1
DA:334,1
DA:335,3
DA:336,1
DA:337,1
DA:338,2
DA:345,1
DA:348,1
DA:350,3
DA:351,2
DA:352,3
DA:356,1
DA:357,2
DA:358,2
DA:359,2
DA:360,1
DA:361,1
DA:362,1
DA:365,1
DA:366,3
DA:367,1
DA:368,1
DA:369,2
DA:377,2
DA:379,1
DA:380,3
DA:383,2
DA:391,1
DA:394,1
DA:396,3
DA:397,2
DA:398,3
DA:402,1
DA:403,2
DA:404,2
DA:405,2
DA:406,1
DA:407,1
DA:410,1
DA:413,1
DA:415,2
DA:417,3
DA:418,1
DA:420,2
DA:426,1
DA:429,1
DA:431,2
DA:432,1
DA:433,2
DA:434,1
DA:436,3
DA:439,2
DA:445,1
DA:448,0
DA:450,0
DA:451,0
DA:452,0
DA:454,0
DA:457,0
DA:463,0
DA:466,0
DA:468,0
DA:469,0
DA:471,0
DA:472,0
DA:473,0
DA:476,0
DA:477,0
DA:483,0
DA:487,1
DA:495,0
DA:496,0
DA:500,1
DA:501,1
DA:503,5
LF:251
LH:205
end_of_record
